-------------------------------------------------------------------------------
Test set: gestionCompte.ClientTest
-------------------------------------------------------------------------------
Tests run: 2, Failures: 1, Errors: 0, Skipped: 0, Time elapsed: 0.155 s <<< FAILURE! - in gestionCompte.ClientTest
test  Time elapsed: 0.068 s  <<< FAILURE!
org.opentest4j.AssertionFailedError: expected: <50> but was: <55>
	at gestionCompte.ClientTest.test(ClientTest.java:51)

