<?xml version="1.0" encoding="UTF-8"?>
<testsuite xmlns:xsi="http://www.w3.org/2001/XMLSchema-instance" xsi:noNamespaceSchemaLocation="https://maven.apache.org/surefire/maven-surefire-plugin/xsd/surefire-test-report-3.0.xsd" version="3.0" name="gestionCompte.ClientTest" time="0.155" tests="2" errors="0" skipped="0" failures="1">
  <properties>
[...]
</properties>
  <testcase name="test" classname="gestionCompte.ClientTest" time="0.068">
    <failure message="expected: &lt;50&gt; but was: &lt;55&gt;" type="org.opentest4j.AssertionFailedError"><![CDATA[org.opentest4j.AssertionFailedError: expected: <50> but was: <55>
	at gestionCompte.ClientTest.test(ClientTest.java:51)
]]></failure>
  </testcase>
  <testcase name="testDecouvert" classname="gestionCompte.ClientTest" time="0.005"/>
</testsuite>